<?xml version="1.0" encoding="UTF-8"?>
<!-- Generated by org.testng.reporters.JUnitReportReporter -->
<testsuite hostname="DESKTOP-0NRI35O" failures="0" tests="1" name="org.paytm.testcases.PostPaidTest" time="1.247" errors="0" timestamp="2020-01-04T20:41:41 IST" skipped="0">
  <testcase classname="org.paytm.testcases.PostPaidTest" name="postPaid_page_verification" time="1.247"/>
</testsuite> <!-- org.paytm.testcases.PostPaidTest -->
