<?xml version="1.0" encoding="UTF-8"?>
<!-- Generated by org.testng.reporters.JUnitReportReporter -->
<testsuite hostname="DESKTOP-0NRI35O" failures="0" tests="1" name="org.paytm.base.BaseClass" time="6.260" errors="0" timestamp="07 Dec 2019 03:20:29 GMT" skipped="0">
  <testcase classname="org.paytm.base.BaseClass" name="openWebSite" time="6.260"/>
</testsuite> <!-- org.paytm.base.BaseClass -->
