<?xml version="1.0" encoding="UTF-8"?>
<!-- Generated by org.testng.reporters.JUnitReportReporter -->
<testsuite hostname="DESKTOP-0NRI35O" failures="0" tests="2" name="org.paytm.testcases.PrePaid" time="10.245" errors="0" timestamp="2019-12-25T21:21:39 IST" skipped="0">
  <testcase classname="org.paytm.testcases.PrePaid" name="prepaid_recharge" time="9.484"/>
  <testcase classname="org.paytm.testcases.PrePaid" name="homepage_playAndWin" time="0.761"/>
</testsuite> <!-- org.paytm.testcases.PrePaid -->
