<?xml version="1.0" encoding="UTF-8"?>
<!-- Generated by org.testng.reporters.JUnitReportReporter -->
<testsuite hostname="DESKTOP-0NRI35O" failures="0" tests="1" name="org.paytm.pages.MobilePrepaid" time="0.009" errors="0" timestamp="07 Dec 2019 14:40:09 GMT" skipped="0">
  <testcase classname="org.paytm.pages.MobilePrepaid" name="getMobile_Prepaid_link" time="0.009"/>
</testsuite> <!-- org.paytm.pages.MobilePrepaid -->
