<?xml version="1.0" encoding="UTF-8"?>
<!-- Generated by org.testng.reporters.JUnitReportReporter -->
<testsuite hostname="DESKTOP-0NRI35O" failures="0" tests="1" name="org.paytm.testcases.PrePaid" time="13.502" errors="0" timestamp="2019-12-23T23:27:35 IST" skipped="0">
  <testcase classname="org.paytm.testcases.PrePaid" name="prepaid_recharge" time="13.502"/>
</testsuite> <!-- org.paytm.testcases.PrePaid -->
